LOG START at 2018-11-09 11:26:29.465820168 UTC
DEBUG entry at 2018-11-09 11:26:31.143410236 UTC
	A message was sent
	To: 385173572
	Text: asdf
DEBUG entry at 2018-11-09 11:26:40.872273191 UTC
	A message was sent
	To: 385173572
	Text: 132
LOG START at 2018-11-09 12:49:08.775933928 UTC
DEBUG entry at 2018-11-09 12:49:16.711730594 UTC
	A message was sent
	To: 385173572
	Text: hi
DEBUG entry at 2018-11-09 12:49:22.651114972 UTC
	A message was sent
	To: 385173572
	Text: asdf;l
DEBUG entry at 2018-11-09 12:49:25.986335527 UTC
	A message was sent
	To: 385173572
	Text: прорж
DEBUG entry at 2018-11-09 12:49:30.362153582 UTC
	A message was sent
	To: 385173572
	Text: ОГО
DEBUG entry at 2018-11-09 12:49:36.065316957 UTC
	A message was sent
	To: 385173572
	Text: 😱
DEBUG entry at 2018-11-09 12:49:42.726163669 UTC
	A message was sent
	To: 385173572
	Text: 👻
LOG START at 2018-11-10 10:27:21.781050467 UTC
DEBUG entry at 2018-11-10 10:27:30.898530259 UTC
	A message was sent
	To: 385173572
	Text: hihihi
DEBUG entry at 2018-11-10 10:27:34.98956652 UTC
	A message was sent
	To: 385173572
	Text: прив
DEBUG entry at 2018-11-10 10:27:37.695865613 UTC
	A message was sent
	To: 385173572
	Text: че дел
DEBUG entry at 2018-11-10 10:27:40.02247299 UTC
	A message was sent
	To: 385173572
	Text: 😜
DEBUG entry at 2018-11-10 10:27:59.156085834 UTC
	A message was sent
	To: 385173572
	Text: ❤️
